<?xml version="1.0" encoding="UTF-8"?>
<testng-results ignored="0" total="3" passed="3" failed="0" skipped="0">
  <reporter-output>
  </reporter-output>
  <suite started-at="2023-05-29T11:38:05 IST" name="Default suite" finished-at="2023-05-29T11:38:23 IST" duration-ms="17825">
    <groups>
    </groups>
    <test started-at="2023-05-29T11:38:05 IST" name="Default test" finished-at="2023-05-29T11:38:23 IST" duration-ms="17825">
      <class name="com.OrangeHRMApplicationWebPageTest.OrangeHRMLogInTest">
        <test-method is-config="true" signature="Setup()[pri:0, instance:com.OrangeHRMApplicationWebPageTest.OrangeHRMLogInTest@48ae9b55]" started-at="2023-05-29T11:38:05 IST" name="Setup" finished-at="2023-05-29T11:38:10 IST" duration-ms="4807" status="PASS">
          <reporter-output>
          </reporter-output>
        </test-method> <!-- Setup -->
        <test-method signature="validatingLogInPageTextTest()[pri:1, instance:com.OrangeHRMApplicationWebPageTest.OrangeHRMLogInTest@48ae9b55]" started-at="2023-05-29T11:38:10 IST" name="validatingLogInPageTextTest" description="Validating LogIn page LogInPanel Text" finished-at="2023-05-29T11:38:10 IST" duration-ms="315" status="PASS">
          <reporter-output>
          </reporter-output>
        </test-method> <!-- validatingLogInPageTextTest -->
        <test-method is-config="true" signature="teardown()[pri:0, instance:com.OrangeHRMApplicationWebPageTest.OrangeHRMLogInTest@48ae9b55]" started-at="2023-05-29T11:38:10 IST" name="teardown" finished-at="2023-05-29T11:38:10 IST" duration-ms="346" status="PASS">
          <reporter-output>
          </reporter-output>
        </test-method> <!-- teardown -->
        <test-method is-config="true" signature="Setup()[pri:0, instance:com.OrangeHRMApplicationWebPageTest.OrangeHRMLogInTest@48ae9b55]" started-at="2023-05-29T11:38:10 IST" name="Setup" finished-at="2023-05-29T11:38:12 IST" duration-ms="1414" status="PASS">
          <reporter-output>
          </reporter-output>
        </test-method> <!-- Setup -->
        <test-method signature="validatingLogInTest()[pri:2, instance:com.OrangeHRMApplicationWebPageTest.OrangeHRMLogInTest@48ae9b55]" started-at="2023-05-29T11:38:12 IST" name="validatingLogInTest" description="Validating LogIn Functionality" finished-at="2023-05-29T11:38:20 IST" duration-ms="8447" status="PASS">
          <reporter-output>
          </reporter-output>
        </test-method> <!-- validatingLogInTest -->
        <test-method is-config="true" signature="teardown()[pri:0, instance:com.OrangeHRMApplicationWebPageTest.OrangeHRMLogInTest@48ae9b55]" started-at="2023-05-29T11:38:20 IST" name="teardown" finished-at="2023-05-29T11:38:21 IST" duration-ms="403" status="PASS">
          <reporter-output>
          </reporter-output>
        </test-method> <!-- teardown -->
        <test-method is-config="true" signature="Setup()[pri:0, instance:com.OrangeHRMApplicationWebPageTest.OrangeHRMLogInTest@48ae9b55]" started-at="2023-05-29T11:38:21 IST" name="Setup" finished-at="2023-05-29T11:38:22 IST" duration-ms="1671" status="PASS">
          <reporter-output>
          </reporter-output>
        </test-method> <!-- Setup -->
        <test-method signature="validatingLogInPageLogoTest()[pri:4, instance:com.OrangeHRMApplicationWebPageTest.OrangeHRMLogInTest@48ae9b55]" started-at="2023-05-29T11:38:22 IST" name="validatingLogInPageLogoTest" description="Validating LogIn Page Logo" finished-at="2023-05-29T11:38:22 IST" duration-ms="82" status="PASS">
          <reporter-output>
          </reporter-output>
        </test-method> <!-- validatingLogInPageLogoTest -->
        <test-method is-config="true" signature="teardown()[pri:0, instance:com.OrangeHRMApplicationWebPageTest.OrangeHRMLogInTest@48ae9b55]" started-at="2023-05-29T11:38:22 IST" name="teardown" finished-at="2023-05-29T11:38:23 IST" duration-ms="283" status="PASS">
          <reporter-output>
          </reporter-output>
        </test-method> <!-- teardown -->
      </class> <!-- com.OrangeHRMApplicationWebPageTest.OrangeHRMLogInTest -->
    </test> <!-- Default test -->
  </suite> <!-- Default suite -->
</testng-results>
