<?xml version="1.0" encoding="UTF-8"?>
<!-- Generated by org.testng.reporters.JUnitXMLReporter -->
<testsuite ignored="0" hostname="DESKTOP-HRISQ2F" failures="0" tests="9" name="Default test" time="101.833" errors="0" timestamp="2023-05-30T14:08:44 IST">
  <testcase classname="com.TestCases.LogInTest" name="LogInPage" time="1.615"/>
  <testcase classname="com.TestCases.LogInTest" name="logInPageValidationTest" time="13.92"/>
  <testcase classname="com.TestCases.LogInTest" name="ORGHrmTest" time="0.019"/>
  <testcase classname="com.TestCases.LogInTest" name="ORGHrmTest2" time="0.018"/>
  <testcase classname="com.TestCases.OrangeHRM_AddEmployee" name="AddEmployee" time="2.552"/>
  <testcase classname="com.TestCases.OrangeHRM_AddEmployee" name="AddEmployeeHeaderTest" time="0.046"/>
  <testcase classname="com.TestCases.OrangeHRM_AddEmployee" name="AddEmployeeFullNameTestData" time="0.061"/>
  <testcase classname="com.TestCases.OrangeHRM_AddEmployee" name="AddEmployeeFirstNameTestData1" time="61.865"/>
  <testcase classname="com.TestCases.LogInTest" name="WelcomeAdmin" time="1.83"/>
</testsuite> <!-- Default test -->
