<?xml version="1.0" encoding="UTF-8"?>
<!-- Generated by org.testng.reporters.JUnitXMLReporter -->
<testsuite ignored="0" hostname="DESKTOP-HRISQ2F" failures="0" tests="3" name="Default test" time="17.825" errors="0" timestamp="2023-05-29T11:38:23 IST">
  <testcase classname="com.OrangeHRMApplicationWebPageTest.OrangeHRMLogInTest" name="validatingLogInPageTextTest" time="0.315"/>
  <testcase classname="com.OrangeHRMApplicationWebPageTest.OrangeHRMLogInTest" name="validatingLogInTest" time="8.447"/>
  <testcase classname="com.OrangeHRMApplicationWebPageTest.OrangeHRMLogInTest" name="validatingLogInPageLogoTest" time="0.082"/>
</testsuite> <!-- Default test -->
