<?xml version="1.0" encoding="UTF-8"?>
<testng-results ignored="0" total="1" passed="1" failed="0" skipped="0">
  <reporter-output>
  </reporter-output>
  <suite started-at="2023-05-25T21:47:19 IST" name="Default suite" finished-at="2023-05-25T21:47:42 IST" duration-ms="23134">
    <groups>
    </groups>
    <test started-at="2023-05-25T21:47:19 IST" name="Default test" finished-at="2023-05-25T21:47:42 IST" duration-ms="23134">
      <class name="com.RadioButtons.RadioButtonsTesting">
        <test-method is-config="true" signature="setUp()[pri:0, instance:com.RadioButtons.RadioButtonsTesting@2e4b8173]" started-at="2023-05-25T21:47:19 IST" name="setUp" finished-at="2023-05-25T21:47:25 IST" duration-ms="6484" status="PASS">
          <reporter-output>
          </reporter-output>
        </test-method> <!-- setUp -->
        <test-method signature="radioButtonsTesting()[pri:0, instance:com.RadioButtons.RadioButtonsTesting@2e4b8173]" started-at="2023-05-25T21:47:26 IST" name="radioButtonsTesting" finished-at="2023-05-25T21:47:42 IST" duration-ms="16071" status="PASS">
          <reporter-output>
          </reporter-output>
        </test-method> <!-- radioButtonsTesting -->
        <test-method is-config="true" signature="tearDown()[pri:0, instance:com.RadioButtons.RadioButtonsTesting@2e4b8173]" started-at="2023-05-25T21:47:42 IST" name="tearDown" finished-at="2023-05-25T21:47:42 IST" duration-ms="512" status="PASS">
          <reporter-output>
          </reporter-output>
        </test-method> <!-- tearDown -->
      </class> <!-- com.RadioButtons.RadioButtonsTesting -->
    </test> <!-- Default test -->
  </suite> <!-- Default suite -->
</testng-results>
