<?xml version="1.0" encoding="UTF-8"?>
<!-- Generated by org.testng.reporters.JUnitXMLReporter -->
<testsuite ignored="0" hostname="DESKTOP-HRISQ2F" failures="0" tests="9" name="AddEmployee" time="65.955" errors="0" timestamp="2023-05-26T10:47:09 IST">
  <testcase classname="com.TestCases.LogInTest" name="LogInPage" time="1.778"/>
  <testcase classname="com.TestCases.LogInTest" name="logInPageValidationTest" time="6.125"/>
  <testcase classname="com.TestCases.LogInTest" name="ORGHrmTest" time="0.029"/>
  <testcase classname="com.TestCases.LogInTest" name="ORGHrmTest2" time="0.029"/>
  <testcase classname="com.TestCases.OrangeHRM_AddEmployee" name="AddEmployee" time="2.406"/>
  <testcase classname="com.TestCases.OrangeHRM_AddEmployee" name="AddEmployeeHeaderTest" time="0.051"/>
  <testcase classname="com.TestCases.OrangeHRM_AddEmployee" name="AddEmployeeFullNameTestData" time="0.057"/>
  <testcase classname="com.TestCases.OrangeHRM_AddEmployee" name="AddEmployeeFirstNameTestData1" time="49.309"/>
  <testcase classname="com.TestCases.LogInTest" name="WelcomeAdmin" time="1.887"/>
</testsuite> <!-- AddEmployee -->
