<?xml version="1.0" encoding="UTF-8"?>
<!-- Generated by org.testng.reporters.JUnitXMLReporter -->
<testsuite ignored="0" hostname="DESKTOP-HRISQ2F" failures="0" tests="5" name="logIn" time="15.255" errors="0" timestamp="2023-05-26T10:46:18 IST">
  <testcase classname="com.TestCases.LogInTest" name="LogInPage" time="1.778"/>
  <testcase classname="com.TestCases.LogInTest" name="logInPageValidationTest" time="6.675"/>
  <testcase classname="com.TestCases.LogInTest" name="ORGHrmTest" time="0.019"/>
  <testcase classname="com.TestCases.LogInTest" name="ORGHrmTest2" time="0.068"/>
  <testcase classname="com.TestCases.LogInTest" name="WelcomeAdmin" time="2.408"/>
</testsuite> <!-- logIn -->
