<?xml version="1.0" encoding="UTF-8"?>
<testng-results ignored="0" total="9" passed="9" failed="0" skipped="0">
  <reporter-output>
  </reporter-output>
  <suite started-at="2023-05-30T14:07:02 IST" name="Default suite" finished-at="2023-05-30T14:08:44 IST" duration-ms="101833">
    <groups>
    </groups>
    <test started-at="2023-05-30T14:07:02 IST" name="Default test" finished-at="2023-05-30T14:08:44 IST" duration-ms="101833">
      <class name="com.TestCases.OrangeHRM_AddEmployee">
        <test-method is-config="true" signature="Setup()[pri:0, instance:com.TestCases.OrangeHRM_AddEmployee@2e4b8173]" started-at="2023-05-30T14:07:02 IST" name="Setup" finished-at="2023-05-30T14:07:22 IST" duration-ms="19354" status="PASS">
          <reporter-output>
          </reporter-output>
        </test-method> <!-- Setup -->
        <test-method signature="LogInPage()[pri:1, instance:com.TestCases.OrangeHRM_AddEmployee@2e4b8173]" started-at="2023-05-30T14:07:22 IST" name="LogInPage" description="LogIn" finished-at="2023-05-30T14:07:23 IST" duration-ms="1615" status="PASS">
          <reporter-output>
          </reporter-output>
        </test-method> <!-- LogInPage -->
        <test-method signature="logInPageValidationTest()[pri:2, instance:com.TestCases.OrangeHRM_AddEmployee@2e4b8173]" started-at="2023-05-30T14:07:23 IST" name="logInPageValidationTest" description="ValidationTest" finished-at="2023-05-30T14:07:37 IST" duration-ms="13920" status="PASS">
          <reporter-output>
          </reporter-output>
        </test-method> <!-- logInPageValidationTest -->
        <test-method signature="ORGHrmTest()[pri:3, instance:com.TestCases.OrangeHRM_AddEmployee@2e4b8173]" started-at="2023-05-30T14:07:37 IST" name="ORGHrmTest" description="ORGHrmTest" finished-at="2023-05-30T14:07:37 IST" duration-ms="19" status="PASS">
          <reporter-output>
          </reporter-output>
        </test-method> <!-- ORGHrmTest -->
        <test-method signature="ORGHrmTest2()[pri:4, instance:com.TestCases.OrangeHRM_AddEmployee@2e4b8173]" started-at="2023-05-30T14:07:37 IST" name="ORGHrmTest2" description="ORGHrmTest" finished-at="2023-05-30T14:07:37 IST" duration-ms="18" status="PASS">
          <reporter-output>
          </reporter-output>
        </test-method> <!-- ORGHrmTest2 -->
        <test-method signature="AddEmployee()[pri:5, instance:com.TestCases.OrangeHRM_AddEmployee@2e4b8173]" started-at="2023-05-30T14:07:37 IST" name="AddEmployee" description="OHRMHomepagevalidation" finished-at="2023-05-30T14:07:40 IST" duration-ms="2552" status="PASS">
          <reporter-output>
          </reporter-output>
        </test-method> <!-- AddEmployee -->
        <test-method signature="AddEmployeeHeaderTest()[pri:6, instance:com.TestCases.OrangeHRM_AddEmployee@2e4b8173]" started-at="2023-05-30T14:07:40 IST" name="AddEmployeeHeaderTest" description="OHRMAddEmployeeHeaderTestData" finished-at="2023-05-30T14:07:40 IST" duration-ms="46" status="PASS">
          <reporter-output>
          </reporter-output>
        </test-method> <!-- AddEmployeeHeaderTest -->
        <test-method signature="AddEmployeeFullNameTestData()[pri:7, instance:com.TestCases.OrangeHRM_AddEmployee@2e4b8173]" started-at="2023-05-30T14:07:40 IST" name="AddEmployeeFullNameTestData" description="OHRMAddEmployeeFullNameData" finished-at="2023-05-30T14:07:40 IST" duration-ms="61" status="PASS">
          <reporter-output>
          </reporter-output>
        </test-method> <!-- AddEmployeeFullNameTestData -->
        <test-method signature="AddEmployeeFirstNameTestData1()[pri:8, instance:com.TestCases.OrangeHRM_AddEmployee@2e4b8173]" started-at="2023-05-30T14:07:40 IST" name="AddEmployeeFirstNameTestData1" description="OHRMAddEmployeeFirstNameData1" finished-at="2023-05-30T14:08:42 IST" duration-ms="61865" status="PASS">
          <reporter-output>
          </reporter-output>
        </test-method> <!-- AddEmployeeFirstNameTestData1 -->
        <test-method signature="WelcomeAdmin()[pri:9, instance:com.TestCases.OrangeHRM_AddEmployee@2e4b8173]" started-at="2023-05-30T14:08:42 IST" name="WelcomeAdmin" description="OHRMLogout" finished-at="2023-05-30T14:08:44 IST" duration-ms="1830" status="PASS">
          <reporter-output>
          </reporter-output>
        </test-method> <!-- WelcomeAdmin -->
        <test-method is-config="true" signature="teardown()[pri:0, instance:com.TestCases.OrangeHRM_AddEmployee@2e4b8173]" started-at="2023-05-30T14:08:44 IST" name="teardown" finished-at="2023-05-30T14:08:44 IST" duration-ms="487" status="PASS">
          <reporter-output>
          </reporter-output>
        </test-method> <!-- teardown -->
      </class> <!-- com.TestCases.OrangeHRM_AddEmployee -->
    </test> <!-- Default test -->
  </suite> <!-- Default suite -->
</testng-results>
