<?xml version="1.0" encoding="UTF-8"?>
<testng-results ignored="0" total="5" passed="4" failed="1" skipped="0">
  <reporter-output>
  </reporter-output>
  <suite started-at="2023-05-26T05:34:00Z" name="Default suite" finished-at="2023-05-26T05:34:13Z" duration-ms="13142">
    <groups>
    </groups>
    <test started-at="2023-05-26T05:34:00Z" name="Default test" finished-at="2023-05-26T05:34:13Z" duration-ms="13142">
      <class name="com.TestCases.LogInTest">
        <test-method is-config="true" signature="Setup()[pri:0, instance:com.TestCases.LogInTest@4b29d1d2]" started-at="2023-05-26T05:34:00Z" name="Setup" finished-at="2023-05-26T05:34:01Z" duration-ms="1770" status="PASS">
          <reporter-output>
          </reporter-output>
        </test-method> <!-- Setup -->
        <test-method signature="LogInPage()[pri:1, instance:com.TestCases.LogInTest@4b29d1d2]" started-at="2023-05-26T05:34:01Z" name="LogInPage" description="LogIn" finished-at="2023-05-26T05:34:02Z" duration-ms="731" status="PASS">
          <reporter-output>
          </reporter-output>
        </test-method> <!-- LogInPage -->
        <test-method signature="logInPageValidationTest()[pri:2, instance:com.TestCases.LogInTest@4b29d1d2]" started-at="2023-05-26T05:34:02Z" name="logInPageValidationTest" description="ValidationTest" finished-at="2023-05-26T05:34:10Z" duration-ms="7965" status="PASS">
          <reporter-output>
          </reporter-output>
        </test-method> <!-- logInPageValidationTest -->
        <test-method signature="ORGHrmTest()[pri:3, instance:com.TestCases.LogInTest@4b29d1d2]" started-at="2023-05-26T05:34:10Z" name="ORGHrmTest" description="ORGHrmTest" finished-at="2023-05-26T05:34:10Z" duration-ms="23" status="PASS">
          <reporter-output>
          </reporter-output>
        </test-method> <!-- ORGHrmTest -->
        <test-method signature="ORGHrmTest2()[pri:4, instance:com.TestCases.LogInTest@4b29d1d2]" started-at="2023-05-26T05:34:10Z" name="ORGHrmTest2" description="ORGHrmTest" finished-at="2023-05-26T05:34:10Z" duration-ms="28" status="PASS">
          <reporter-output>
          </reporter-output>
        </test-method> <!-- ORGHrmTest2 -->
        <test-method signature="WelcomeAdmin()[pri:9, instance:com.TestCases.LogInTest@4b29d1d2]" started-at="2023-05-26T05:34:10Z" name="WelcomeAdmin" description="OHRMLogout" finished-at="2023-05-26T05:34:12Z" duration-ms="2238" status="FAIL">
          <exception class="java.io.FileNotFoundException">
            <message>
              <![CDATA[\src\main\java\OrangeHRMApplicationTestResultFile\OrangeHRMApplicationTestResultFile1.xlsx (The system cannot find the path specified)]]>
            </message>
            <full-stacktrace>
              <![CDATA[java.io.FileNotFoundException: \src\main\java\OrangeHRMApplicationTestResultFile\OrangeHRMApplicationTestResultFile1.xlsx (The system cannot find the path specified)
at java.base/java.io.FileOutputStream.open0(Native Method)
at java.base/java.io.FileOutputStream.open(FileOutputStream.java:295)
at java.base/java.io.FileOutputStream.<init>(FileOutputStream.java:236)
at java.base/java.io.FileOutputStream.<init>(FileOutputStream.java:124)
at com.TestCases.LogInTest.WelcomeAdmin(LogInTest.java:180)
at java.base/jdk.internal.reflect.DirectMethodHandleAccessor.invoke(DirectMethodHandleAccessor.java:104)
at java.base/java.lang.reflect.Method.invoke(Method.java:578)
at org.testng.internal.MethodInvocationHelper.invokeMethod(MethodInvocationHelper.java:124)
at org.testng.internal.Invoker.invokeMethod(Invoker.java:583)
at org.testng.internal.Invoker.invokeTestMethod(Invoker.java:719)
at org.testng.internal.Invoker.invokeTestMethods(Invoker.java:989)
at org.testng.internal.TestMethodWorker.invokeTestMethods(TestMethodWorker.java:125)
at org.testng.internal.TestMethodWorker.run(TestMethodWorker.java:109)
at org.testng.TestRunner.privateRun(TestRunner.java:648)
at org.testng.TestRunner.run(TestRunner.java:505)
at org.testng.SuiteRunner.runTest(SuiteRunner.java:455)
at org.testng.SuiteRunner.runSequentially(SuiteRunner.java:450)
at org.testng.SuiteRunner.privateRun(SuiteRunner.java:415)
at org.testng.SuiteRunner.run(SuiteRunner.java:364)
at org.testng.SuiteRunnerWorker.runSuite(SuiteRunnerWorker.java:52)
at org.testng.SuiteRunnerWorker.run(SuiteRunnerWorker.java:84)
at org.testng.TestNG.runSuitesSequentially(TestNG.java:1208)
at org.testng.TestNG.runSuitesLocally(TestNG.java:1137)
at org.testng.TestNG.runSuites(TestNG.java:1049)
at org.testng.TestNG.run(TestNG.java:1017)
at org.testng.remote.AbstractRemoteTestNG.run(AbstractRemoteTestNG.java:115)
at org.testng.remote.RemoteTestNG.initAndRun(RemoteTestNG.java:251)
at org.testng.remote.RemoteTestNG.main(RemoteTestNG.java:77)
]]>
            </full-stacktrace>
          </exception> <!-- java.io.FileNotFoundException -->
          <reporter-output>
          </reporter-output>
        </test-method> <!-- WelcomeAdmin -->
        <test-method is-config="true" signature="teardown()[pri:0, instance:com.TestCases.LogInTest@4b29d1d2]" started-at="2023-05-26T05:34:12Z" name="teardown" finished-at="2023-05-26T05:34:13Z" duration-ms="347" status="PASS">
          <reporter-output>
          </reporter-output>
        </test-method> <!-- teardown -->
      </class> <!-- com.TestCases.LogInTest -->
    </test> <!-- Default test -->
  </suite> <!-- Default suite -->
</testng-results>
